<?xml version="1.0" encoding="UTF-8"?>
<!-- Generated by org.testng.reporters.JUnitReportReporter -->
<testsuite hostname="Tejomayis-MBP" name="com.amazon.qa.testcases.amazonDemo" tests="1" failures="0" timestamp="19 May 2021 18:28:04 GMT" time="7.442" errors="0">
  <testcase name="testcase" time="7.442" classname="com.amazon.qa.testcases.amazonDemo"/>
</testsuite> <!-- com.amazon.qa.testcases.amazonDemo -->
