<?xml version="1.0" encoding="UTF-8"?>
<!-- Generated by org.testng.reporters.JUnitReportReporter -->
<testsuite hostname="Tejomayis-MBP" name="com.amazon.qa.testcases.amazonDemo" tests="1" failures="0" timestamp="10 May 2021 16:57:28 GMT" time="20.079" errors="0">
  <testcase name="testcase" time="20.079" classname="com.amazon.qa.testcases.amazonDemo"/>
</testsuite> <!-- com.amazon.qa.testcases.amazonDemo -->
