<?xml version="1.0" encoding="UTF-8"?>
<!-- Generated by org.testng.reporters.JUnitReportReporter -->
<testsuite hostname="Tejomayis-MBP" name="com.amazon.qa.testcases.ValidationsinTesTNG" tests="1" failures="0" timestamp="7 May 2021 01:54:10 GMT" time="51.299" errors="0">
  <testcase name="beforeAddToCartPriceCheck" time="51.299" classname="com.amazon.qa.testcases.ValidationsinTesTNG"/>
</testsuite> <!-- com.amazon.qa.testcases.ValidationsinTesTNG -->
